<?xml version="1.0" encoding="UTF-8"?>
<!-- Generated by org.testng.reporters.JUnitReportReporter -->
<testsuite hostname="user1" failures="0" tests="2" name="testngParallelExecution.Actitime" time="17.888" errors="0" timestamp="2022-12-08T20:08:56 IST" skipped="0">
  <testcase classname="testngParallelExecution.Actitime" name="loginToActitime" time="11.584"/>
  <system-out/>
  <testcase classname="testngParallelExecution.Actitime" name="loginToActitime" time="6.304"/>
  <system-out/>
</testsuite> <!-- testngParallelExecution.Actitime -->
