<?xml version="1.0" encoding="UTF-8"?>
<!-- Generated by org.testng.reporters.JUnitReportReporter -->
<testsuite hostname="user1" failures="0" tests="3" name="testngFlag.Flag6" time="0.021" errors="0" timestamp="2022-11-23T23:10:21 IST" skipped="0">
  <testcase classname="testngFlag.Flag6" name="createUser" time="0.003"/>
  <system-out>
    <![CDATA[create user method]]>
  </system-out>
  <testcase classname="testngFlag.Flag6" name="login" time="0.014"/>
  <system-out>
    <![CDATA[login method]]>
  </system-out>
  <testcase classname="testngFlag.Flag6" name="logout" time="0.004"/>
  <system-out>
    <![CDATA[logout method]]>
  </system-out>
</testsuite> <!-- testngFlag.Flag6 -->
