<?xml version="1.0" encoding="UTF-8"?>
<!-- Generated by org.testng.reporters.JUnitReportReporter -->
<testsuite hostname="user1" failures="0" tests="1" name="testng.FirstClass" time="0.016" errors="0" timestamp="2022-11-22T16:57:49 IST" skipped="0">
  <testcase classname="testng.FirstClass" name="demo" time="0.016"/>
  <system-out/>
</testsuite> <!-- testng.FirstClass -->
