<?xml version="1.0" encoding="UTF-8"?>
<!-- Generated by org.testng.reporters.JUnitReportReporter -->
<testsuite hostname="user1" failures="0" tests="1" name="testngAssertion.ActiTimeLogin" time="8.503" errors="0" timestamp="2022-11-24T22:41:40 IST" skipped="0">
  <testcase classname="testngAssertion.ActiTimeLogin" name="loginToActitime" time="8.503"/>
  <system-out>
    <![CDATA[create user
create reports]]>
  </system-out>
</testsuite> <!-- testngAssertion.ActiTimeLogin -->
