<?xml version="1.0" encoding="UTF-8"?>
<!-- Generated by org.testng.reporters.JUnitReportReporter -->
<testsuite hostname="user1" failures="0" tests="2" name="testngParallelExecution.MethodParallel" time="0.039" errors="0" timestamp="2022-11-24T11:41:35 IST" skipped="0">
  <testcase classname="testngParallelExecution.MethodParallel" name="method2" time="0.016"/>
  <system-out>
    <![CDATA[i am from method 2 : 18]]>
  </system-out>
  <testcase classname="testngParallelExecution.MethodParallel" name="method1" time="0.023"/>
  <system-out>
    <![CDATA[i am from method 1 : 17]]>
  </system-out>
</testsuite> <!-- testngParallelExecution.MethodParallel -->
