<?xml version="1.0" encoding="UTF-8"?>
<!-- Generated by org.testng.reporters.JUnitReportReporter -->
<testsuite hostname="user1" failures="0" tests="5" name="testngAnnotations.ActitimeInvalidLogin" time="23.849" errors="0" timestamp="2022-11-27T12:49:43 IST" skipped="0">
  <testcase classname="testngAnnotations.ActitimeInvalidLogin" name="testInvalidLogin" time="6.053"/>
  <system-out/>
  <testcase classname="testngAnnotations.ActitimeInvalidLogin" name="testInvalidLogin" time="4.471"/>
  <system-out/>
  <testcase classname="testngAnnotations.ActitimeInvalidLogin" name="testInvalidLogin" time="4.266"/>
  <system-out/>
  <testcase classname="testngAnnotations.ActitimeInvalidLogin" name="testInvalidLogin" time="4.393"/>
  <system-out/>
  <testcase classname="testngAnnotations.ActitimeInvalidLogin" name="testInvalidLogin" time="4.666"/>
  <system-out/>
</testsuite> <!-- testngAnnotations.ActitimeInvalidLogin -->
