<?xml version="1.0" encoding="UTF-8"?>
<!-- Generated by org.testng.reporters.JUnitReportReporter -->
<testsuite hostname="user1" failures="0" tests="2" name="testngFlag.Flag4" time="0.014" errors="0" timestamp="2022-11-23T22:48:59 IST" skipped="1">
  <testcase classname="testngFlag.Flag4" name="login" time="0.014"/>
  <system-out>
    <![CDATA[logging in user]]>
  </system-out>
  <testcase classname="testngFlag.Flag4" name="createUser">
    <skipped/>
  </testcase> <!-- createUser -->
  <system-out/>
</testsuite> <!-- testngFlag.Flag4 -->
