<?xml version="1.0" encoding="UTF-8"?>
<!-- Generated by org.testng.reporters.JUnitReportReporter -->
<testsuite hostname="user1" failures="0" tests="100" name="testngFlag.Flag5" time="0.293" errors="0" timestamp="2022-11-23T23:06:04 IST" skipped="0">
  <testcase classname="testngFlag.Flag5" name="verifyLoginButtonEnableDisableStatus" time="0.002"/>
  <system-out>
    <![CDATA[disabled...]]>
  </system-out>
  <testcase classname="testngFlag.Flag5" name="verifyLoginButtonEnableDisableStatus" time="0.004"/>
  <system-out>
    <![CDATA[disabled...]]>
  </system-out>
  <testcase classname="testngFlag.Flag5" name="verifyLoginButtonEnableDisableStatus" time="0.002"/>
  <system-out>
    <![CDATA[disabled...]]>
  </system-out>
  <testcase classname="testngFlag.Flag5" name="verifyLoginButtonEnableDisableStatus" time="0.004"/>
  <system-out>
    <![CDATA[disabled...]]>
  </system-out>
  <testcase classname="testngFlag.Flag5" name="verifyLoginButtonEnableDisableStatus" time="0.002"/>
  <system-out>
    <![CDATA[disabled...]]>
  </system-out>
  <testcase classname="testngFlag.Flag5" name="verifyLoginButtonEnableDisableStatus" time="0.001"/>
  <system-out>
    <![CDATA[disabled...]]>
  </system-out>
  <testcase classname="testngFlag.Flag5" name="verifyLoginButtonEnableDisableStatus" time="0.004"/>
  <system-out>
    <![CDATA[disabled...]]>
  </system-out>
  <testcase classname="testngFlag.Flag5" name="verifyLoginButtonEnableDisableStatus" time="0.003"/>
  <system-out>
    <![CDATA[disabled...]]>
  </system-out>
  <testcase classname="testngFlag.Flag5" name="verifyLoginButtonEnableDisableStatus" time="0.003"/>
  <system-out>
    <![CDATA[disabled...]]>
  </system-out>
  <testcase classname="testngFlag.Flag5" name="verifyLoginButtonEnableDisableStatus" time="0.005"/>
  <system-out>
    <![CDATA[disabled...]]>
  </system-out>
  <testcase classname="testngFlag.Flag5" name="verifyLoginButtonEnableDisableStatus" time="0.005"/>
  <system-out>
    <![CDATA[disabled...]]>
  </system-out>
  <testcase classname="testngFlag.Flag5" name="verifyLoginButtonEnableDisableStatus" time="0.000"/>
  <system-out>
    <![CDATA[disabled...]]>
  </system-out>
  <testcase classname="testngFlag.Flag5" name="verifyLoginButtonEnableDisableStatus" time="0.002"/>
  <system-out>
    <![CDATA[disabled...]]>
  </system-out>
  <testcase classname="testngFlag.Flag5" name="verifyLoginButtonEnableDisableStatus" time="0.006"/>
  <system-out>
    <![CDATA[disabled...]]>
  </system-out>
  <testcase classname="testngFlag.Flag5" name="verifyLoginButtonEnableDisableStatus" time="0.001"/>
  <system-out>
    <![CDATA[disabled...]]>
  </system-out>
  <testcase classname="testngFlag.Flag5" name="verifyLoginButtonEnableDisableStatus" time="0.005"/>
  <system-out>
    <![CDATA[disabled...]]>
  </system-out>
  <testcase classname="testngFlag.Flag5" name="verifyLoginButtonEnableDisableStatus" time="0.002"/>
  <system-out>
    <![CDATA[disabled...]]>
  </system-out>
  <testcase classname="testngFlag.Flag5" name="verifyLoginButtonEnableDisableStatus" time="0.005"/>
  <system-out>
    <![CDATA[disabled...]]>
  </system-out>
  <testcase classname="testngFlag.Flag5" name="verifyLoginButtonEnableDisableStatus" time="0.004"/>
  <system-out>
    <![CDATA[disabled...]]>
  </system-out>
  <testcase classname="testngFlag.Flag5" name="verifyLoginButtonEnableDisableStatus" time="0.002"/>
  <system-out>
    <![CDATA[disabled...]]>
  </system-out>
  <testcase classname="testngFlag.Flag5" name="verifyLoginButtonEnableDisableStatus" time="0.001"/>
  <system-out>
    <![CDATA[disabled...]]>
  </system-out>
  <testcase classname="testngFlag.Flag5" name="verifyLoginButtonEnableDisableStatus" time="0.009"/>
  <system-out>
    <![CDATA[disabled...]]>
  </system-out>
  <testcase classname="testngFlag.Flag5" name="verifyLoginButtonEnableDisableStatus" time="0.007"/>
  <system-out>
    <![CDATA[disabled...]]>
  </system-out>
  <testcase classname="testngFlag.Flag5" name="verifyLoginButtonEnableDisableStatus" time="0.001"/>
  <system-out>
    <![CDATA[disabled...]]>
  </system-out>
  <testcase classname="testngFlag.Flag5" name="verifyLoginButtonEnableDisableStatus" time="0.001"/>
  <system-out>
    <![CDATA[disabled...]]>
  </system-out>
  <testcase classname="testngFlag.Flag5" name="verifyLoginButtonEnableDisableStatus" time="0.004"/>
  <system-out>
    <![CDATA[disabled...]]>
  </system-out>
  <testcase classname="testngFlag.Flag5" name="verifyLoginButtonEnableDisableStatus" time="0.004"/>
  <system-out>
    <![CDATA[disabled...]]>
  </system-out>
  <testcase classname="testngFlag.Flag5" name="verifyLoginButtonEnableDisableStatus" time="0.001"/>
  <system-out>
    <![CDATA[disabled...]]>
  </system-out>
  <testcase classname="testngFlag.Flag5" name="verifyLoginButtonEnableDisableStatus" time="0.002"/>
  <system-out>
    <![CDATA[disabled...]]>
  </system-out>
  <testcase classname="testngFlag.Flag5" name="verifyLoginButtonEnableDisableStatus" time="0.009"/>
  <system-out>
    <![CDATA[disabled...]]>
  </system-out>
  <testcase classname="testngFlag.Flag5" name="verifyLoginButtonEnableDisableStatus" time="0.010"/>
  <system-out>
    <![CDATA[disabled...]]>
  </system-out>
  <testcase classname="testngFlag.Flag5" name="verifyLoginButtonEnableDisableStatus" time="0.001"/>
  <system-out>
    <![CDATA[disabled...]]>
  </system-out>
  <testcase classname="testngFlag.Flag5" name="verifyLoginButtonEnableDisableStatus" time="0.005"/>
  <system-out>
    <![CDATA[disabled...]]>
  </system-out>
  <testcase classname="testngFlag.Flag5" name="verifyLoginButtonEnableDisableStatus" time="0.004"/>
  <system-out>
    <![CDATA[disabled...]]>
  </system-out>
  <testcase classname="testngFlag.Flag5" name="verifyLoginButtonEnableDisableStatus" time="0.003"/>
  <system-out>
    <![CDATA[disabled...]]>
  </system-out>
  <testcase classname="testngFlag.Flag5" name="verifyLoginButtonEnableDisableStatus" time="0.001"/>
  <system-out>
    <![CDATA[disabled...]]>
  </system-out>
  <testcase classname="testngFlag.Flag5" name="verifyLoginButtonEnableDisableStatus" time="0.001"/>
  <system-out>
    <![CDATA[disabled...]]>
  </system-out>
  <testcase classname="testngFlag.Flag5" name="verifyLoginButtonEnableDisableStatus" time="0.000"/>
  <system-out>
    <![CDATA[disabled...]]>
  </system-out>
  <testcase classname="testngFlag.Flag5" name="verifyLoginButtonEnableDisableStatus" time="0.001"/>
  <system-out>
    <![CDATA[disabled...]]>
  </system-out>
  <testcase classname="testngFlag.Flag5" name="verifyLoginButtonEnableDisableStatus" time="0.004"/>
  <system-out>
    <![CDATA[disabled...]]>
  </system-out>
  <testcase classname="testngFlag.Flag5" name="verifyLoginButtonEnableDisableStatus" time="0.001"/>
  <system-out>
    <![CDATA[disabled...]]>
  </system-out>
  <testcase classname="testngFlag.Flag5" name="verifyLoginButtonEnableDisableStatus" time="0.002"/>
  <system-out>
    <![CDATA[disabled...]]>
  </system-out>
  <testcase classname="testngFlag.Flag5" name="verifyLoginButtonEnableDisableStatus" time="0.001"/>
  <system-out>
    <![CDATA[disabled...]]>
  </system-out>
  <testcase classname="testngFlag.Flag5" name="verifyLoginButtonEnableDisableStatus" time="0.003"/>
  <system-out>
    <![CDATA[disabled...]]>
  </system-out>
  <testcase classname="testngFlag.Flag5" name="verifyLoginButtonEnableDisableStatus" time="0.000"/>
  <system-out>
    <![CDATA[disabled...]]>
  </system-out>
  <testcase classname="testngFlag.Flag5" name="verifyLoginButtonEnableDisableStatus" time="0.002"/>
  <system-out>
    <![CDATA[disabled...]]>
  </system-out>
  <testcase classname="testngFlag.Flag5" name="verifyLoginButtonEnableDisableStatus" time="0.000"/>
  <system-out>
    <![CDATA[disabled...]]>
  </system-out>
  <testcase classname="testngFlag.Flag5" name="verifyLoginButtonEnableDisableStatus" time="0.001"/>
  <system-out>
    <![CDATA[disabled...]]>
  </system-out>
  <testcase classname="testngFlag.Flag5" name="verifyLoginButtonEnableDisableStatus" time="0.001"/>
  <system-out>
    <![CDATA[disabled...]]>
  </system-out>
  <testcase classname="testngFlag.Flag5" name="verifyLoginButtonEnableDisableStatus" time="0.006"/>
  <system-out>
    <![CDATA[disabled...]]>
  </system-out>
  <testcase classname="testngFlag.Flag5" name="verifyLoginButtonEnableDisableStatus" time="0.007"/>
  <system-out>
    <![CDATA[disabled...]]>
  </system-out>
  <testcase classname="testngFlag.Flag5" name="verifyLoginButtonEnableDisableStatus" time="0.002"/>
  <system-out>
    <![CDATA[disabled...]]>
  </system-out>
  <testcase classname="testngFlag.Flag5" name="verifyLoginButtonEnableDisableStatus" time="0.003"/>
  <system-out>
    <![CDATA[disabled...]]>
  </system-out>
  <testcase classname="testngFlag.Flag5" name="verifyLoginButtonEnableDisableStatus" time="0.001"/>
  <system-out>
    <![CDATA[disabled...]]>
  </system-out>
  <testcase classname="testngFlag.Flag5" name="verifyLoginButtonEnableDisableStatus" time="0.001"/>
  <system-out>
    <![CDATA[disabled...]]>
  </system-out>
  <testcase classname="testngFlag.Flag5" name="verifyLoginButtonEnableDisableStatus" time="0.001"/>
  <system-out>
    <![CDATA[disabled...]]>
  </system-out>
  <testcase classname="testngFlag.Flag5" name="verifyLoginButtonEnableDisableStatus" time="0.001"/>
  <system-out>
    <![CDATA[disabled...]]>
  </system-out>
  <testcase classname="testngFlag.Flag5" name="verifyLoginButtonEnableDisableStatus" time="0.007"/>
  <system-out>
    <![CDATA[disabled...]]>
  </system-out>
  <testcase classname="testngFlag.Flag5" name="verifyLoginButtonEnableDisableStatus" time="0.001"/>
  <system-out>
    <![CDATA[disabled...]]>
  </system-out>
  <testcase classname="testngFlag.Flag5" name="verifyLoginButtonEnableDisableStatus" time="0.001"/>
  <system-out>
    <![CDATA[disabled...]]>
  </system-out>
  <testcase classname="testngFlag.Flag5" name="verifyLoginButtonEnableDisableStatus" time="0.002"/>
  <system-out>
    <![CDATA[disabled...]]>
  </system-out>
  <testcase classname="testngFlag.Flag5" name="verifyLoginButtonEnableDisableStatus" time="0.001"/>
  <system-out>
    <![CDATA[disabled...]]>
  </system-out>
  <testcase classname="testngFlag.Flag5" name="verifyLoginButtonEnableDisableStatus" time="0.001"/>
  <system-out>
    <![CDATA[disabled...]]>
  </system-out>
  <testcase classname="testngFlag.Flag5" name="verifyLoginButtonEnableDisableStatus" time="0.008"/>
  <system-out>
    <![CDATA[disabled...]]>
  </system-out>
  <testcase classname="testngFlag.Flag5" name="verifyLoginButtonEnableDisableStatus" time="0.001"/>
  <system-out>
    <![CDATA[disabled...]]>
  </system-out>
  <testcase classname="testngFlag.Flag5" name="verifyLoginButtonEnableDisableStatus" time="0.001"/>
  <system-out>
    <![CDATA[disabled...]]>
  </system-out>
  <testcase classname="testngFlag.Flag5" name="verifyLoginButtonEnableDisableStatus" time="0.001"/>
  <system-out>
    <![CDATA[disabled...]]>
  </system-out>
  <testcase classname="testngFlag.Flag5" name="verifyLoginButtonEnableDisableStatus" time="0.001"/>
  <system-out>
    <![CDATA[disabled...]]>
  </system-out>
  <testcase classname="testngFlag.Flag5" name="verifyLoginButtonEnableDisableStatus" time="0.007"/>
  <system-out>
    <![CDATA[disabled...]]>
  </system-out>
  <testcase classname="testngFlag.Flag5" name="verifyLoginButtonEnableDisableStatus" time="0.008"/>
  <system-out>
    <![CDATA[disabled...]]>
  </system-out>
  <testcase classname="testngFlag.Flag5" name="verifyLoginButtonEnableDisableStatus" time="0.002"/>
  <system-out>
    <![CDATA[disabled...]]>
  </system-out>
  <testcase classname="testngFlag.Flag5" name="verifyLoginButtonEnableDisableStatus" time="0.001"/>
  <system-out>
    <![CDATA[disabled...]]>
  </system-out>
  <testcase classname="testngFlag.Flag5" name="verifyLoginButtonEnableDisableStatus" time="0.001"/>
  <system-out>
    <![CDATA[disabled...]]>
  </system-out>
  <testcase classname="testngFlag.Flag5" name="verifyLoginButtonEnableDisableStatus" time="0.001"/>
  <system-out>
    <![CDATA[disabled...]]>
  </system-out>
  <testcase classname="testngFlag.Flag5" name="verifyLoginButtonEnableDisableStatus" time="0.001"/>
  <system-out>
    <![CDATA[disabled...]]>
  </system-out>
  <testcase classname="testngFlag.Flag5" name="verifyLoginButtonEnableDisableStatus" time="0.007"/>
  <system-out>
    <![CDATA[disabled...]]>
  </system-out>
  <testcase classname="testngFlag.Flag5" name="verifyLoginButtonEnableDisableStatus" time="0.002"/>
  <system-out>
    <![CDATA[disabled...]]>
  </system-out>
  <testcase classname="testngFlag.Flag5" name="verifyLoginButtonEnableDisableStatus" time="0.010"/>
  <system-out>
    <![CDATA[disabled...]]>
  </system-out>
  <testcase classname="testngFlag.Flag5" name="verifyLoginButtonEnableDisableStatus" time="0.002"/>
  <system-out>
    <![CDATA[disabled...]]>
  </system-out>
  <testcase classname="testngFlag.Flag5" name="verifyLoginButtonEnableDisableStatus" time="0.002"/>
  <system-out>
    <![CDATA[disabled...]]>
  </system-out>
  <testcase classname="testngFlag.Flag5" name="verifyLoginButtonEnableDisableStatus" time="0.006"/>
  <system-out>
    <![CDATA[disabled...]]>
  </system-out>
  <testcase classname="testngFlag.Flag5" name="verifyLoginButtonEnableDisableStatus" time="0.002"/>
  <system-out>
    <![CDATA[disabled...]]>
  </system-out>
  <testcase classname="testngFlag.Flag5" name="verifyLoginButtonEnableDisableStatus" time="0.006"/>
  <system-out>
    <![CDATA[disabled...]]>
  </system-out>
  <testcase classname="testngFlag.Flag5" name="verifyLoginButtonEnableDisableStatus" time="0.002"/>
  <system-out>
    <![CDATA[disabled...]]>
  </system-out>
  <testcase classname="testngFlag.Flag5" name="verifyLoginButtonEnableDisableStatus" time="0.002"/>
  <system-out>
    <![CDATA[disabled...]]>
  </system-out>
  <testcase classname="testngFlag.Flag5" name="verifyLoginButtonEnableDisableStatus" time="0.001"/>
  <system-out>
    <![CDATA[disabled...]]>
  </system-out>
  <testcase classname="testngFlag.Flag5" name="verifyLoginButtonEnableDisableStatus" time="0.002"/>
  <system-out>
    <![CDATA[disabled...]]>
  </system-out>
  <testcase classname="testngFlag.Flag5" name="verifyLoginButtonEnableDisableStatus" time="0.001"/>
  <system-out>
    <![CDATA[disabled...]]>
  </system-out>
  <testcase classname="testngFlag.Flag5" name="verifyLoginButtonEnableDisableStatus" time="0.001"/>
  <system-out>
    <![CDATA[disabled...]]>
  </system-out>
  <testcase classname="testngFlag.Flag5" name="verifyLoginButtonEnableDisableStatus" time="0.015"/>
  <system-out>
    <![CDATA[disabled...]]>
  </system-out>
  <testcase classname="testngFlag.Flag5" name="verifyLoginButtonEnableDisableStatus" time="0.003"/>
  <system-out>
    <![CDATA[disabled...]]>
  </system-out>
  <testcase classname="testngFlag.Flag5" name="verifyLoginButtonEnableDisableStatus" time="0.001"/>
  <system-out>
    <![CDATA[disabled...]]>
  </system-out>
  <testcase classname="testngFlag.Flag5" name="verifyLoginButtonEnableDisableStatus" time="0.002"/>
  <system-out>
    <![CDATA[disabled...]]>
  </system-out>
  <testcase classname="testngFlag.Flag5" name="verifyLoginButtonEnableDisableStatus" time="0.002"/>
  <system-out>
    <![CDATA[disabled...]]>
  </system-out>
  <testcase classname="testngFlag.Flag5" name="verifyLoginButtonEnableDisableStatus" time="0.008"/>
  <system-out>
    <![CDATA[disabled...]]>
  </system-out>
  <testcase classname="testngFlag.Flag5" name="verifyLoginButtonEnableDisableStatus" time="0.000"/>
  <system-out>
    <![CDATA[disabled...]]>
  </system-out>
  <testcase classname="testngFlag.Flag5" name="verifyLoginButtonEnableDisableStatus" time="0.001"/>
  <system-out>
    <![CDATA[disabled...]]>
  </system-out>
  <testcase classname="testngFlag.Flag5" name="verifyLoginButtonEnableDisableStatus" time="0.001"/>
  <system-out>
    <![CDATA[disabled...]]>
  </system-out>
  <testcase classname="testngFlag.Flag5" name="verifyLoginButtonEnableDisableStatus" time="0.003"/>
  <system-out>
    <![CDATA[disabled...]]>
  </system-out>
  <testcase classname="testngFlag.Flag5" name="verifyLoginButtonEnableDisableStatus" time="0.001"/>
  <system-out>
    <![CDATA[disabled...]]>
  </system-out>
</testsuite> <!-- testngFlag.Flag5 -->
