<?xml version="1.0" encoding="UTF-8"?>
<!-- Generated by org.testng.reporters.JUnitReportReporter -->
<testsuite hostname="user1" failures="0" tests="7" name="testngFlag.Flag2" time="0.030" errors="0" timestamp="2022-11-22T15:12:47 IST" skipped="0">
  <testcase classname="testngFlag.Flag2" name="b" time="0.002"/>
  <system-out>
    <![CDATA[i am from b]]>
  </system-out>
  <testcase classname="testngFlag.Flag2" name="f" time="0.004"/>
  <system-out>
    <![CDATA[i am from f]]>
  </system-out>
  <testcase classname="testngFlag.Flag2" name="c" time="0.004"/>
  <system-out>
    <![CDATA[i am from c]]>
  </system-out>
  <testcase classname="testngFlag.Flag2" name="a" time="0.012"/>
  <system-out>
    <![CDATA[i am from a]]>
  </system-out>
  <testcase classname="testngFlag.Flag2" name="g" time="0.004"/>
  <system-out>
    <![CDATA[i am from g]]>
  </system-out>
  <testcase classname="testngFlag.Flag2" name="d" time="0.002"/>
  <system-out>
    <![CDATA[i am from d]]>
  </system-out>
  <testcase classname="testngFlag.Flag2" name="e" time="0.002"/>
  <system-out>
    <![CDATA[i am from e]]>
  </system-out>
</testsuite> <!-- testngFlag.Flag2 -->
