<?xml version="1.0" encoding="UTF-8"?>
<!-- Generated by org.testng.reporters.JUnitReportReporter -->
<testsuite hostname="user1" failures="0" tests="1" name="testngAssertion.AssertionInTesting" time="0.027" errors="0" timestamp="2022-11-24T21:46:16 IST" skipped="0">
  <testcase classname="testngAssertion.AssertionInTesting" name="testCase" time="0.027"/>
  <system-out>
    <![CDATA[launch the browser
enter the url
verify login page title
enter username
enter password
click on login button
verify home page title
create user
create report]]>
  </system-out>
</testsuite> <!-- testngAssertion.AssertionInTesting -->
