<?xml version="1.0" encoding="UTF-8"?>
<!-- Generated by org.testng.reporters.JUnitReportReporter -->
<testsuite hostname="user1" failures="0" tests="1" name="testng.CheckReport2" time="0.002" errors="0" timestamp="2022-11-23T23:12:28 IST" skipped="0">
  <testcase classname="testng.CheckReport2" name="checkReport2" time="0.002"/>
  <system-out>
    <![CDATA[valmik]]>
  </system-out>
</testsuite> <!-- testng.CheckReport2 -->
