<?xml version="1.0" encoding="UTF-8"?>
<!-- Generated by org.testng.reporters.JUnitReportReporter -->
<testsuite hostname="user1" failures="0" tests="2" name="testngFlag.Flag1" time="0.017" errors="0" timestamp="2022-11-22T15:03:25 IST" skipped="0">
  <testcase classname="testngFlag.Flag1" name="logoutToActime" time="0.004"/>
  <system-out>
    <![CDATA[logout to actitime]]>
  </system-out>
  <testcase classname="testngFlag.Flag1" name="loginToActime" time="0.013"/>
  <system-out>
    <![CDATA[login to actitime]]>
  </system-out>
</testsuite> <!-- testngFlag.Flag1 -->
