<?xml version="1.0" encoding="UTF-8"?>
<!-- Generated by org.testng.reporters.JUnitReportReporter -->
<testsuite hostname="user1" failures="0" tests="2" name="testngParallelExecution.Actitime" time="19.103" errors="0" timestamp="2022-11-24T14:51:10 IST" skipped="0">
  <testcase classname="testngParallelExecution.Actitime" name="loginToActitime" time="6.327"/>
  <system-out/>
  <testcase classname="testngParallelExecution.Actitime" name="loginToActitime" time="12.776"/>
  <system-out/>
</testsuite> <!-- testngParallelExecution.Actitime -->
