<?xml version="1.0" encoding="UTF-8"?>
<!-- Generated by org.testng.reporters.JUnitReportReporter -->
<testsuite hostname="user1" failures="0" tests="2" name="testngFlag.ChooseBrowser" time="19.597" errors="0" timestamp="2022-11-24T09:04:04 IST" skipped="0">
  <testcase classname="testngFlag.ChooseBrowser" name="openBrowser" time="12.365"/>
  <system-out/>
  <testcase classname="testngFlag.ChooseBrowser" name="openBrowser" time="7.232"/>
  <system-out/>
</testsuite> <!-- testngFlag.ChooseBrowser -->
