<?xml version="1.0" encoding="UTF-8"?>
<!-- Generated by org.testng.reporters.JUnitReportReporter -->
<testsuite hostname="user1" failures="0" tests="2" name="testngFlag.ActitimeLogin" time="15.673" errors="0" timestamp="2022-11-24T09:29:54 IST" skipped="0">
  <testcase classname="testngFlag.ActitimeLogin" name="loginToActitime" time="5.431"/>
  <system-out/>
  <testcase classname="testngFlag.ActitimeLogin" name="loginToActitime" time="10.242"/>
  <system-out/>
</testsuite> <!-- testngFlag.ActitimeLogin -->
