<?xml version="1.0" encoding="UTF-8"?>
<!-- Generated by org.testng.reporters.JUnitReportReporter -->
<testsuite hostname="user1" failures="0" tests="2" name="testngAnnotations.ActTimeLogin" time="12.671" errors="0" timestamp="2022-11-24T14:29:52 IST" skipped="0">
  <testcase classname="testngAnnotations.ActTimeLogin" name="loginToActitime" time="5.131"/>
  <system-out/>
  <testcase classname="testngAnnotations.ActTimeLogin" name="logOutFromActitime" time="7.540"/>
  <system-out/>
</testsuite> <!-- testngAnnotations.ActTimeLogin -->
