<?xml version="1.0" encoding="UTF-8"?>
<!-- Generated by org.testng.reporters.JUnitReportReporter -->
<testsuite hostname="user1" failures="0" tests="3" name="testngFlag.Flag8" time="0.016" errors="0" timestamp="2022-11-24T08:26:39 IST" skipped="0">
  <testcase classname="testngFlag.Flag8" name="st3" time="0.002"/>
  <system-out>
    <![CDATA[smoke test case 3 executed]]>
  </system-out>
  <testcase classname="testngFlag.Flag8" name="st2" time="0.002"/>
  <system-out>
    <![CDATA[smoke test case 2 executed]]>
  </system-out>
  <testcase classname="testngFlag.Flag8" name="st1" time="0.012"/>
  <system-out>
    <![CDATA[smoke test case 1 executed]]>
  </system-out>
</testsuite> <!-- testngFlag.Flag8 -->
