<?xml version="1.0" encoding="UTF-8"?>
<!-- Generated by org.testng.reporters.JUnitReportReporter -->
<testsuite hostname="user1" failures="0" tests="1" name="testngParallelExecution.Class1" time="56.008" errors="0" timestamp="2022-11-24T11:06:49 IST" skipped="0">
  <testcase classname="testngParallelExecution.Class1" name="mumbaiIndians" time="56.008"/>
  <system-out/>
</testsuite> <!-- testngParallelExecution.Class1 -->
