<?xml version="1.0" encoding="UTF-8"?>
<!-- Generated by org.testng.reporters.JUnitReportReporter -->
<testsuite hostname="user1" failures="0" tests="2" name="testngAnnotations.TestngAnnotationsSeq" time="0.029" errors="0" timestamp="2022-11-24T14:01:05 IST" skipped="0">
  <testcase classname="testngAnnotations.TestngAnnotationsSeq" name="testCase2" time="0.018"/>
  <system-out>
    <![CDATA[test case2 executed]]>
  </system-out>
  <testcase classname="testngAnnotations.TestngAnnotationsSeq" name="testCase1" time="0.011"/>
  <system-out>
    <![CDATA[test case1 executed]]>
  </system-out>
</testsuite> <!-- testngAnnotations.TestngAnnotationsSeq -->
